2026-06-14 12:25:01 INFO [DRY RUN] Starting organizer on: S:\Git Projects\File Organizer\dist
2026-06-14 12:25:01 INFO Found 1 file(s) to process.

2026-06-14 12:25:01 INFO [1/1] COPY \u2192 [Others] FileOrganizer
2026-06-14 12:25:01 INFO 
\u2500\u2500\u2500\u2500\u2500\u2500\u2500\u2500\u2500\u2500\u2500\u2500\u2500\u2500\u2500\u2500\u2500\u2500\u2500\u2500\u2500\u2500\u2500\u2500\u2500\u2500\u2500\u2500\u2500\u2500\u2500\u2500\u2500\u2500\u2500\u2500\u2500\u2500\u2500\u2500\u2500\u2500\u2500\u2500\u2500\u2500\u2500\u2500\u2500\u2500
2026-06-14 12:25:01 INFO \u2705 Organization complete!
2026-06-14 12:25:01 INFO \u2500\u2500\u2500\u2500\u2500\u2500\u2500\u2500\u2500\u2500\u2500\u2500\u2500\u2500\u2500\u2500\u2500\u2500\u2500\u2500\u2500\u2500\u2500\u2500\u2500\u2500\u2500\u2500\u2500\u2500\u2500\u2500\u2500\u2500\u2500\u2500\u2500\u2500\u2500\u2500\u2500\u2500\u2500\u2500\u2500\u2500\u2500\u2500\u2500\u2500
2026-06-14 12:25:01 INFO   Others               1 file(s)
2026-06-14 12:25:01 INFO \u2500\u2500\u2500\u2500\u2500\u2500\u2500\u2500\u2500\u2500\u2500\u2500\u2500\u2500\u2500\u2500\u2500\u2500\u2500\u2500\u2500\u2500\u2500\u2500\u2500\u2500\u2500\u2500\u2500\u2500\u2500\u2500\u2500\u2500\u2500\u2500\u2500\u2500\u2500\u2500\u2500\u2500\u2500\u2500\u2500\u2500\u2500\u2500\u2500\u2500

2026-06-14 12:26:12 INFO Starting organizer on: S:\Git Projects\File Organizer
2026-06-14 12:26:12 INFO Found 10 file(s) to process.

2026-06-14 12:26:12 INFO [1/10] MOVE \u2192 [Code] build_linux.sh
2026-06-14 12:26:12 INFO [2/10] MOVE \u2192 [Code] build_mac.sh
2026-06-14 12:26:12 INFO [3/10] MOVE \u2192 [Code] build_windows.ps1
2026-06-14 12:26:12 INFO [4/10] MOVE \u2192 [Others] FileOrganizer.spec
2026-06-14 12:26:12 INFO [5/10] MOVE \u2192 [Others] file_organizer.log
2026-06-14 12:26:12 INFO   \u2717 Error on file_organizer.log: [WinError 32] The process cannot access the file because it is being used by another process: 'S:\\Git Projects\\File Organizer\\file_organizer.log'
2026-06-14 12:26:12 INFO [6/10] MOVE \u2192 [Code] file_organizer.py
2026-06-14 12:26:12 INFO [7/10] MOVE \u2192 [Code] README.md
2026-06-14 12:26:12 INFO [8/10] MOVE \u2192 [Code] run_linux.sh
2026-06-14 12:26:12 INFO [9/10] MOVE \u2192 [Code] run_mac.sh
2026-06-14 12:26:12 INFO [10/10] MOVE \u2192 [Code] run_windows.bat
2026-06-14 12:26:12 INFO 
\u2500\u2500\u2500\u2500\u2500\u2500\u2500\u2500\u2500\u2500\u2500\u2500\u2500\u2500\u2500\u2500\u2500\u2500\u2500\u2500\u2500\u2500\u2500\u2500\u2500\u2500\u2500\u2500\u2500\u2500\u2500\u2500\u2500\u2500\u2500\u2500\u2500\u2500\u2500\u2500\u2500\u2500\u2500\u2500\u2500\u2500\u2500\u2500\u2500\u2500
2026-06-14 12:26:12 INFO \u2705 Organization complete!
2026-06-14 12:26:12 INFO \u2500\u2500\u2500\u2500\u2500\u2500\u2500\u2500\u2500\u2500\u2500\u2500\u2500\u2500\u2500\u2500\u2500\u2500\u2500\u2500\u2500\u2500\u2500\u2500\u2500\u2500\u2500\u2500\u2500\u2500\u2500\u2500\u2500\u2500\u2500\u2500\u2500\u2500\u2500\u2500\u2500\u2500\u2500\u2500\u2500\u2500\u2500\u2500\u2500\u2500
2026-06-14 12:26:12 INFO   Code                 8 file(s)
2026-06-14 12:26:12 INFO   Others               1 file(s)
2026-06-14 12:26:12 INFO 
\u26a0  1 error(s) encountered.
2026-06-14 12:26:12 INFO \u2500\u2500\u2500\u2500\u2500\u2500\u2500\u2500\u2500\u2500\u2500\u2500\u2500\u2500\u2500\u2500\u2500\u2500\u2500\u2500\u2500\u2500\u2500\u2500\u2500\u2500\u2500\u2500\u2500\u2500\u2500\u2500\u2500\u2500\u2500\u2500\u2500\u2500\u2500\u2500\u2500\u2500\u2500\u2500\u2500\u2500\u2500\u2500\u2500\u2500

